<?xml version="1.0" encoding="UTF-8"?>
<testng-results skipped="0" failed="0" ignored="0" total="1" passed="1">
  <reporter-output>
  </reporter-output>
  <suite name="Default suite" duration-ms="1909" started-at="2021-06-22T06:57:29Z" finished-at="2021-06-22T06:57:31Z">
    <groups>
    </groups>
    <test name="Default test" duration-ms="1909" started-at="2021-06-22T06:57:29Z" finished-at="2021-06-22T06:57:31Z">
      <class name="RestTest.Example">
        <test-method status="PASS" signature="delete()[pri:0, instance:RestTest.Example@6adede5]" name="delete" duration-ms="1894" started-at="2021-06-22T12:27:29Z" finished-at="2021-06-22T12:27:31Z">
          <reporter-output>
          </reporter-output>
        </test-method> <!-- delete -->
      </class> <!-- RestTest.Example -->
    </test> <!-- Default test -->
  </suite> <!-- Default suite -->
</testng-results>
